0 info it worked if it ends with ok
1 verbose cli [ 'C:\\Program Files\\nodejs\\node.exe',
1 verbose cli   'C:\\Program Files\\nodejs\\node_modules\\npm\\bin\\npm-cli.js',
1 verbose cli   'start' ]
2 info using npm@4.1.2
3 info using node@v7.7.0
4 verbose run-script [ 'prestart', 'start', 'poststart' ]
5 info lifecycle HRM@0.1.0~prestart: HRM@0.1.0
6 silly lifecycle HRM@0.1.0~prestart: no script for prestart, continuing
7 info lifecycle HRM@0.1.0~start: HRM@0.1.0
8 verbose lifecycle HRM@0.1.0~start: unsafe-perm in lifecycle true
9 verbose lifecycle HRM@0.1.0~start: PATH: C:\Program Files\nodejs\node_modules\npm\bin\node-gyp-bin;F:\Code\Hr\HRM\node_modules\.bin;C:\Program Files\Java\jdk1.8.0_131\bin;C:\Program Files (x86)\NVIDIA Corporation\PhysX\Common;C:\Program Files (x86)\Intel\iCLS Client\;C:\Program Files\Intel\iCLS Client\;C:\Windows\system32;C:\Windows;C:\Windows\System32\Wbem;C:\Windows\System32\WindowsPowerShell\v1.0\;C:\Program Files\Intel\Intel(R) Management Engine Components\DAL;C:\Program Files\Intel\Intel(R) Management Engine Components\IPT;C:\Program Files (x86)\Intel\Intel(R) Management Engine Components\DAL;C:\Program Files (x86)\Intel\Intel(R) Management Engine Components\IPT;C:\Program Files\WIDCOMM\Bluetooth Software\;C:\Program Files\WIDCOMM\Bluetooth Software\syswow64;C:\Program Files\Lenovo Fingerprint Reader\;C:\Program Files\Lenovo Fingerprint Reader\x86\;c:\Program Files (x86)\Lenovo\Lenovo Home\;C:\Program Files (x86)\Microsoft SQL Server\100\Tools\Binn\;C:\Program Files\Microsoft SQL Server\100\Tools\Binn\;C:\Program Files\Microsoft SQL Server\100\DTS\Binn\;C:\Program Files (x86)\Microsoft SQL Server\100\Tools\Binn\VSShell\Common7\IDE\;C:\Program Files (x86)\Microsoft Visual Studio 9.0\Common7\IDE\PrivateAssemblies\;C:\Program Files (x86)\Microsoft SQL Server\100\DTS\Binn\;C:\Program Files (x86)\Windows Kits\8.1\Windows Performance Toolkit\;C:\Program Files\Microsoft SQL Server\110\Tools\Binn\;C:\Program Files (x86)\Microsoft SDKs\TypeScript\1.0\;C:\Program Files\Microsoft SQL Server\120\Tools\Binn\;C:\Program Files\TortoiseSVN\bin;C:\Program Files (x86)\VisualSVN\bin;C:\Program Files\Microsoft\Web Platform Installer\;C:\Windows\system32\config\systemprofile\.dnx\bin;C:\Program Files\Microsoft DNX\Dnvm\;C:\Program Files (x86)\Skype\Phone\;D:\Program Files (x86)\Microsoft Dynamics AX\60\Client\Bin\;C:\Program Files\nodejs\;C:\Program Files\nodejs\node_global\node_modules;C:\Program Files\nodejs\node_global;F:\Code\ReactNative\SDK\tools;F:\Code\ReactNative\SDK\platform-tools;C:\Program Files\dotnet\;C:\Program Files (x86)\Tesseract-OCR;C:\Program Files (x86)\Microsoft Visual Studio\Common\Tools\WinNT;C:\Program Files (x86)\Microsoft Visual Studio\Common\MSDev98\Bin;C:\Program Files (x86)\Microsoft Visual Studio\Common\Tools;C:\Program Files (x86)\Microsoft Visual Studio\VC98\bin;C:\Users\chenfukang\AppData\Roaming\npm;F:\Code\ReactNative\SDK\tools;F:\Code\ReactNative\SDK\platform-tools;C:\Program Files (x86)\Tesseract-OCR;C:\Program Files (x86)\Microsoft Visual Studio\Common\Tools\WinNT;C:\Program Files (x86)\Microsoft Visual Studio\Common\MSDev98\Bin;C:\Program Files (x86)\Microsoft Visual Studio\Common\Tools;C:\Program Files (x86)\Microsoft Visual Studio\VC98\bin;C:\Users\chenfukang\AppData\Roaming\npm;F:\Code\ReactNative\SDK\tools;F:\Code\ReactNative\SDK\platform-tools;D:\Program Files (x86)\Microsoft VS Code\bin;.;;.;
10 verbose lifecycle HRM@0.1.0~start: CWD: F:\Code\Hr\HRM
11 silly lifecycle HRM@0.1.0~start: Args: [ '/d /s /c', 'node bin/www' ]
12 silly lifecycle HRM@0.1.0~start: Returned: code: 3221225786  signal: null
13 info lifecycle HRM@0.1.0~start: Failed to exec start script
14 verbose stack Error: HRM@0.1.0 start: `node bin/www`
14 verbose stack Exit status 3221225786
14 verbose stack     at EventEmitter.<anonymous> (C:\Program Files\nodejs\node_modules\npm\lib\utils\lifecycle.js:279:16)
14 verbose stack     at emitTwo (events.js:106:13)
14 verbose stack     at EventEmitter.emit (events.js:194:7)
14 verbose stack     at ChildProcess.<anonymous> (C:\Program Files\nodejs\node_modules\npm\lib\utils\spawn.js:40:14)
14 verbose stack     at emitTwo (events.js:106:13)
14 verbose stack     at ChildProcess.emit (events.js:194:7)
14 verbose stack     at maybeClose (internal/child_process.js:899:16)
14 verbose stack     at Process.ChildProcess._handle.onexit (internal/child_process.js:226:5)
15 verbose pkgid HRM@0.1.0
16 verbose cwd F:\Code\Hr\HRM
17 error Windows_NT 6.1.7601
18 error argv "C:\\Program Files\\nodejs\\node.exe" "C:\\Program Files\\nodejs\\node_modules\\npm\\bin\\npm-cli.js" "start"
19 error node v7.7.0
20 error npm  v4.1.2
21 error code ELIFECYCLE
22 error HRM@0.1.0 start: `node bin/www`
22 error Exit status 3221225786
23 error Failed at the HRM@0.1.0 start script 'node bin/www'.
23 error Make sure you have the latest version of node.js and npm installed.
23 error If you do, this is most likely a problem with the HRM package,
23 error not with npm itself.
23 error Tell the author that this fails on your system:
23 error     node bin/www
23 error You can get information on how to open an issue for this project with:
23 error     npm bugs HRM
23 error Or if that isn't available, you can get their info via:
23 error     npm owner ls HRM
23 error There is likely additional logging output above.
24 verbose exit [ 1, true ]
